\BOOKMARK [1][-]{section.1}{\376\377\000M\000a\000t\000h\000e\000m\000a\000t\000i\000c\000s}{}% 1
\BOOKMARK [2][-]{subsection.1.1}{\376\377\000I\000n\000t\000e\000g\000r\000a\000l\000\040\000T\000a\000b\000l\000e\000s}{section.1}% 2
\BOOKMARK [3][-]{subsubsection.1.1.1}{\376\377\000B\000a\000s\000i\000c\000\040\000F\000o\000r\000m\000s}{subsection.1.1}% 3
\BOOKMARK [3][-]{subsubsection.1.1.2}{\376\377\000I\000n\000t\000e\000g\000r\000a\000l\000s\000\040\000o\000f\000\040\000R\000a\000t\000i\000o\000n\000a\000l\000\040\000F\000u\000n\000c\000t\000i\000o\000n\000s}{subsection.1.1}% 4
\BOOKMARK [3][-]{subsubsection.1.1.3}{\376\377\000I\000n\000t\000e\000g\000r\000a\000l\000s\000\040\000w\000i\000t\000h\000\040\000R\000o\000o\000t\000s}{subsection.1.1}% 5
\BOOKMARK [3][-]{subsubsection.1.1.4}{\376\377\000I\000n\000t\000e\000g\000r\000a\000l\000s\000\040\000w\000i\000t\000h\000\040\000L\000o\000g\000a\000r\000i\000t\000h\000m\000s}{subsection.1.1}% 6
\BOOKMARK [3][-]{subsubsection.1.1.5}{\376\377\000I\000n\000t\000e\000g\000r\000a\000l\000s\000\040\000w\000i\000t\000h\000\040\000E\000x\000p\000o\000n\000e\000n\000t\000i\000a\000l\000s}{subsection.1.1}% 7
\BOOKMARK [3][-]{subsubsection.1.1.6}{\376\377\000I\000n\000t\000e\000g\000r\000a\000l\000s\000\040\000w\000i\000t\000h\000\040\000T\000r\000i\000g\000o\000n\000o\000m\000e\000t\000r\000i\000c\000\040\000F\000u\000n\000c\000t\000i\000o\000n\000s}{subsection.1.1}% 8
\BOOKMARK [3][-]{subsubsection.1.1.7}{\376\377\000P\000r\000o\000d\000u\000c\000t\000s\000\040\000o\000f\000\040\000T\000r\000i\000g\000o\000n\000o\000m\000e\000t\000r\000i\000c\000\040\000F\000u\000n\000c\000t\000i\000o\000n\000s\000\040\000a\000n\000d\000\040\000M\000o\000n\000o\000m\000i\000a\000l\000s}{subsection.1.1}% 9
\BOOKMARK [3][-]{subsubsection.1.1.8}{\376\377\000P\000r\000o\000d\000u\000c\000t\000s\000\040\000o\000f\000\040\000T\000r\000i\000g\000o\000n\000o\000m\000e\000t\000r\000i\000c\000\040\000F\000u\000n\000c\000t\000i\000o\000n\000s\000\040\000a\000n\000d\000\040\000E\000x\000p\000o\000n\000e\000n\000t\000i\000a\000l\000s}{subsection.1.1}% 10
\BOOKMARK [3][-]{subsubsection.1.1.9}{\376\377\000I\000n\000t\000e\000g\000r\000a\000l\000s\000\040\000o\000f\000\040\000H\000y\000p\000e\000r\000b\000o\000l\000i\000c\000\040\000F\000u\000n\000c\000t\000i\000o\000n\000s}{subsection.1.1}% 11
\BOOKMARK [2][-]{subsection.1.2}{\376\377\000\040\000i\000n\000\040\000C\000a\000r\000t\000e\000s\000i\000a\000n\000\040\000a\000n\000d\000\040\000C\000y\000l\000i\000n\000d\000r\000i\000c\000a\000l\000\040\000P\000o\000l\000a\000r\000\040\000C\000o\000o\000r\000d\000i\000n\000a\000t\000e\000s}{section.1}% 12
\BOOKMARK [2][-]{subsection.1.3}{\376\377\000F\000i\000r\000s\000t\000-\000O\000r\000d\000e\000r\000\040\000L\000i\000n\000e\000a\000r\000\040\000O\000D\000E}{section.1}% 13
\BOOKMARK [1][-]{section.2}{\376\377\000K\000i\000n\000e\000m\000a\000t\000i\000c\000s}{}% 14
\BOOKMARK [2][-]{subsection.2.1}{\376\377\000G\000a\000u\000s\000s\000'\000\040\000D\000i\000v\000e\000r\000g\000e\000n\000c\000e\000\040\000T\000h\000e\000o\000r\000e\000m}{section.2}% 15
\BOOKMARK [2][-]{subsection.2.2}{\376\377\000S\000t\000o\000k\000e\000s\000'\000\040\000T\000h\000e\000o\000r\000e\000m}{section.2}% 16
\BOOKMARK [2][-]{subsection.2.3}{\376\377\000S\000t\000r\000e\000a\000m\000l\000i\000n\000e\000s\000,\000\040\000P\000a\000t\000h\000l\000i\000n\000e\000s\000,\000\040\000a\000n\000d\000\040\000S\000t\000r\000e\000a\000k\000l\000i\000n\000e\000s}{section.2}% 17
\BOOKMARK [1][-]{section.3}{\376\377\000C\000o\000n\000t\000i\000n\000u\000u\000m\000\040\000F\000l\000o\000w}{}% 18
\BOOKMARK [2][-]{subsection.3.1}{\376\377\000M\000a\000s\000s\000\040\000C\000o\000n\000s\000e\000r\000v\000a\000t\000i\000o\000n}{section.3}% 19
\BOOKMARK [3][-]{subsubsection.3.1.1}{\376\377\000C\000a\000r\000t\000e\000s\000i\000a\000n\000\040\000C\000o\000o\000r\000d\000i\000n\000a\000t\000e\000s}{subsection.3.1}% 20
\BOOKMARK [3][-]{subsubsection.3.1.2}{\376\377\000C\000y\000l\000i\000n\000d\000r\000i\000c\000a\000l\000\040\000P\000o\000l\000a\000r\000\040\000C\000o\000o\000r\000d\000i\000n\000a\000t\000e\000s}{subsection.3.1}% 21
\BOOKMARK [2][-]{subsection.3.2}{\376\377\000M\000o\000m\000e\000n\000t\000u\000m\000\040\000C\000o\000n\000s\000e\000r\000v\000a\000t\000i\000o\000n\000\040\000\050\000N\000a\000v\000i\000e\000r\000-\000S\000t\000o\000k\000e\000s\000\040\000E\000q\000u\000a\000t\000i\000o\000n\000s\000\051}{section.3}% 22
\BOOKMARK [3][-]{subsubsection.3.2.1}{\376\377\000C\000a\000r\000t\000e\000s\000i\000a\000n\000\040\000C\000o\000o\000r\000d\000i\000n\000a\000t\000e\000s}{subsection.3.2}% 23
\BOOKMARK [3][-]{subsubsection.3.2.2}{\376\377\000C\000y\000l\000i\000n\000d\000r\000i\000c\000a\000l\000\040\000P\000o\000l\000a\000r\000\040\000C\000o\000o\000r\000d\000i\000n\000a\000t\000e\000s}{subsection.3.2}% 24
\BOOKMARK [2][-]{subsection.3.3}{\376\377\000F\000l\000o\000w\000\040\000C\000o\000n\000d\000i\000t\000i\000o\000n\000s}{section.3}% 25
\BOOKMARK [3][-]{subsubsection.3.3.1}{\376\377\000S\000t\000e\000a\000d\000y\000\040\000S\000t\000a\000t\000e}{subsection.3.3}% 26
\BOOKMARK [3][-]{subsubsection.3.3.2}{\376\377\000F\000u\000l\000l\000y\000\040\000D\000e\000v\000e\000l\000o\000p\000e\000d}{subsection.3.3}% 27
\BOOKMARK [3][-]{subsubsection.3.3.3}{\376\377\000U\000n\000i\000d\000i\000r\000e\000c\000t\000i\000o\000n\000a\000l}{subsection.3.3}% 28
\BOOKMARK [3][-]{subsubsection.3.3.4}{\376\377\000T\000w\000o\000-\000d\000i\000m\000e\000n\000s\000i\000o\000n\000a\000l}{subsection.3.3}% 29
\BOOKMARK [3][-]{subsubsection.3.3.5}{\376\377\000F\000r\000e\000e\000\040\000S\000u\000r\000f\000a\000c\000e}{subsection.3.3}% 30
\BOOKMARK [3][-]{subsubsection.3.3.6}{\376\377\000A\000x\000i\000s\000y\000m\000m\000e\000t\000r\000i\000c}{subsection.3.3}% 31
\BOOKMARK [3][-]{subsubsection.3.3.7}{\376\377\000S\000i\000m\000p\000l\000e\000\040\000C\000o\000u\000e\000t\000t\000e\000\040\000F\000l\000o\000w}{subsection.3.3}% 32
\BOOKMARK [2][-]{subsection.3.4}{\376\377\000B\000o\000u\000n\000d\000a\000r\000y\000\040\000C\000o\000n\000d\000i\000t\000i\000o\000n\000s}{section.3}% 33
\BOOKMARK [3][-]{subsubsection.3.4.1}{\376\377\000F\000l\000u\000i\000d\000-\000S\000o\000l\000i\000d\000\040\000I\000n\000t\000e\000r\000f\000a\000c\000e}{subsection.3.4}% 34
\BOOKMARK [3][-]{subsubsection.3.4.2}{\376\377\000F\000l\000u\000i\000d\000-\000F\000l\000u\000i\000d\000\040\000I\000n\000t\000e\000r\000f\000a\000c\000e}{subsection.3.4}% 35
\BOOKMARK [3][-]{subsubsection.3.4.3}{\376\377\000F\000l\000u\000i\000d\000-\000G\000a\000s\000\040\000I\000n\000t\000e\000r\000f\000a\000c\000e}{subsection.3.4}% 36
\BOOKMARK [1][-]{section.4}{\376\377\000V\000o\000r\000t\000i\000c\000i\000t\000y\000\040\000D\000y\000n\000a\000m\000i\000c\000s}{}% 37
\BOOKMARK [2][-]{subsection.4.1}{\376\377\000S\000t\000r\000e\000a\000m\000l\000i\000n\000e\000s\000\040\000a\000n\000d\000\040\000V\000o\000r\000t\000e\000x\000\040\000L\000i\000n\000e\000s}{section.4}% 38
\BOOKMARK [2][-]{subsection.4.2}{\376\377\000T\000e\000r\000m\000s}{section.4}% 39
\BOOKMARK [2][-]{subsection.4.3}{\376\377\000V\000o\000r\000t\000i\000c\000i\000t\000y\000\040\000T\000r\000a\000n\000s\000p\000o\000r\000t\000\040\000E\000q\000u\000a\000t\000i\000o\000n}{section.4}% 40
\BOOKMARK [3][-]{subsubsection.4.3.1}{\376\377\000L\000e\000g\000e\000n\000d}{subsection.4.3}% 41
\BOOKMARK [2][-]{subsection.4.4}{\376\377\000H\000e\000l\000m\000h\000o\000l\000t\000z\000'\000s\000\040\000V\000o\000r\000t\000e\000x\000\040\000T\000h\000e\000o\000r\000e\000m\000s\000\040\000f\000o\000r\000\040\000I\000n\000v\000i\000s\000c\000i\000d\000\040\000F\000l\000o\000w\000s}{section.4}% 42
\BOOKMARK [3][-]{subsubsection.4.4.1}{\376\377\000A\000s\000s\000u\000m\000p\000t\000i\000o\000n\000s}{subsection.4.4}% 43
\BOOKMARK [3][-]{subsubsection.4.4.2}{\376\377\000S\000t\000a\000t\000e\000m\000e\000n\000t}{subsection.4.4}% 44
\BOOKMARK [2][-]{subsection.4.5}{\376\377\000K\000e\000l\000v\000i\000n\000'\000s\000\040\000c\000i\000r\000c\000u\000l\000a\000t\000i\000o\000n\000\040\000t\000h\000e\000o\000r\000e\000m}{section.4}% 45
\BOOKMARK [3][-]{subsubsection.4.5.1}{\376\377\000A\000s\000s\000u\000m\000p\000t\000i\000o\000n\000s}{subsection.4.5}% 46
\BOOKMARK [3][-]{subsubsection.4.5.2}{\376\377\000S\000t\000a\000t\000e\000m\000e\000n\000t}{subsection.4.5}% 47
\BOOKMARK [2][-]{subsection.4.6}{\376\377\000B\000e\000r\000n\000o\000u\000l\000l\000i\000'\000s\000\040\000E\000q\000u\000a\000t\000i\000o\000n}{section.4}% 48
\BOOKMARK [3][-]{subsubsection.4.6.1}{\376\377\000A\000s\000s\000u\000m\000p\000t\000i\000o\000n\000s}{subsection.4.6}% 49
\BOOKMARK [3][-]{subsubsection.4.6.2}{\376\377\000S\000t\000a\000t\000e\000m\000e\000n\000t}{subsection.4.6}% 50
\BOOKMARK [1][-]{section.5}{\376\377\000P\000o\000t\000e\000n\000t\000i\000a\000l\000\040\000F\000l\000o\000w}{}% 51
\BOOKMARK [2][-]{subsection.5.1}{\376\377\000S\000t\000r\000e\000a\000m\000\040\000F\000u\000n\000c\000t\000i\000o\000n\000\040\000\040\000P\000o\000t\000e\000n\000t\000i\000a\000l\000\040\000F\000u\000n\000c\000t\000i\000o\000n\000\040\000\040\000V\000e\000l\000o\000c\000i\000t\000i\000e\000s}{section.5}% 52
\BOOKMARK [2][-]{subsection.5.2}{\376\377\000C\000a\000r\000t\000e\000s\000i\000a\000n\000\040\000\040\000P\000o\000l\000a\000r\000\040\000V\000e\000l\000o\000c\000i\000t\000i\000e\000s}{section.5}% 53
\BOOKMARK [2][-]{subsection.5.3}{\376\377\000C\000o\000m\000p\000l\000e\000x\000\040\000P\000o\000t\000e\000n\000t\000i\000a\000l\000s}{section.5}% 54
\BOOKMARK [3][-]{subsubsection.5.3.1}{\376\377\000L\000e\000g\000e\000n\000d}{subsection.5.3}% 55
\BOOKMARK [2][-]{subsection.5.4}{\376\377\000I\000n\000f\000i\000n\000i\000t\000e\000\040\000S\000e\000r\000i\000e\000s\000\040\000E\000x\000p\000a\000n\000s\000i\000o\000n\000s}{section.5}% 56
\BOOKMARK [2][-]{subsection.5.5}{\376\377\000B\000e\000r\000n\000o\000u\000l\000l\000i\000'\000s\000\040\000E\000q\000u\000a\000t\000i\000o\000n\000\040\000\050\000I\000r\000r\000o\000t\000a\000t\000i\000o\000n\000a\000l\000\051}{section.5}% 57
\BOOKMARK [2][-]{subsection.5.6}{\376\377\000F\000o\000r\000c\000e\000s\000\040\000o\000n\000\040\000a\000\040\0002\000D\000\040\000B\000o\000d\000y}{section.5}% 58
\BOOKMARK [2][-]{subsection.5.7}{\376\377\000M\000o\000m\000e\000n\000t\000\040\000o\000n\000\040\000a\000\040\0002\000D\000\040\000B\000o\000d\000y}{section.5}% 59
\BOOKMARK [2][-]{subsection.5.8}{\376\377\000R\000e\000s\000i\000d\000u\000e\000\040\000T\000h\000e\000o\000r\000e\000m}{section.5}% 60
\BOOKMARK [1][-]{section.6}{\376\377\000B\000o\000u\000n\000d\000a\000r\000y\000\040\000L\000a\000y\000e\000r\000\040\000T\000h\000e\000o\000r\000y}{}% 61
\BOOKMARK [2][-]{subsection.6.1}{\376\377\000P\000r\000a\000n\000d\000t\000l\000\040\000B\000o\000u\000n\000d\000a\000r\000y\000\040\000L\000a\000y\000e\000r\000\040\000E\000q\000u\000a\000t\000i\000o\000n\000s\000\040\000f\000o\000r\000\040\000a\000\040\000F\000l\000a\000t\000\040\000P\000l\000a\000t\000e}{section.6}% 62
\BOOKMARK [2][-]{subsection.6.2}{\376\377\000B\000l\000a\000s\000i\000u\000s\000\040\000S\000o\000l\000u\000t\000i\000o\000n\000\040\000f\000o\000r\000\040\000B\000o\000u\000n\000d\000a\000r\000y\000\040\000L\000a\000y\000e\000r\000\040\000f\000o\000r\000\040\000a\000\040\000F\000l\000a\000t\000\040\000P\000l\000a\000t\000e}{section.6}% 63
\BOOKMARK [2][-]{subsection.6.3}{\376\377\000C\000o\000m\000m\000o\000n\000\040\000V\000i\000s\000c\000o\000s\000i\000t\000i\000e\000s}{section.6}% 64
\BOOKMARK [2][-]{subsection.6.4}{\376\377\000I\000n\000v\000i\000s\000c\000i\000d\000\040\000E\000q\000u\000i\000v\000a\000l\000e\000n\000c\000e}{section.6}% 65
\BOOKMARK [3][-]{subsubsection.6.4.1}{\376\377\000D\000i\000s\000p\000l\000a\000c\000e\000m\000e\000n\000t\000\040\000T\000h\000i\000c\000k\000n\000e\000s\000s}{subsection.6.4}% 66
\BOOKMARK [3][-]{subsubsection.6.4.2}{\376\377\000M\000o\000m\000e\000n\000t\000u\000m\000\040\000T\000h\000i\000c\000k\000n\000e\000s\000s}{subsection.6.4}% 67
\BOOKMARK [3][-]{subsubsection.6.4.3}{\376\377\000V\000o\000n\000\040\000K\000a\000r\000m\000a\000n\000\040\000M\000o\000m\000e\000n\000t\000u\000m\000\040\000I\000n\000t\000e\000g\000r\000a\000l\000\040\000E\000q\000u\000a\000t\000i\000o\000n}{subsection.6.4}% 68
\BOOKMARK [3][-]{subsubsection.6.4.4}{\376\377\000M\000o\000m\000e\000n\000t\000u\000m\000\040\000E\000q\000u\000a\000t\000i\000o\000n\000\040\000a\000t\000\040\000t\000h\000e\000\040\000C\000y\000l\000i\000n\000d\000r\000i\000c\000a\000l\000\040\000S\000u\000r\000f\000a\000c\000e}{subsection.6.4}% 69
\BOOKMARK [3][-]{subsubsection.6.4.5}{\376\377\000B\000o\000u\000n\000d\000a\000r\000y\000\040\000L\000a\000y\000e\000r\000\040\000S\000e\000p\000a\000r\000a\000t\000i\000o\000n\000\040\000P\000o\000i\000n\000t}{subsection.6.4}% 70
\BOOKMARK [3][-]{subsubsection.6.4.6}{\376\377\000S\000h\000a\000p\000e\000\040\000F\000a\000c\000t\000o\000r}{subsection.6.4}% 71
